<?xml version="1.0" encoding="UTF-8"?>
<testsuites name="jest tests" tests="10" failures="0" errors="0" time="0.732">
  <testsuite name="UserCard Snapshot Tests" errors="0" failures="0" skipped="0" timestamp="2025-11-23T16:27:27" time="0.36" tests="9">
    <testcase classname="UserCard Snapshot Tests renders complete user card with all props" name="UserCard Snapshot Tests renders complete user card with all props" time="0.012">
    </testcase>
    <testcase classname="UserCard Snapshot Tests renders user card in dark theme" name="UserCard Snapshot Tests renders user card in dark theme" time="0.003">
    </testcase>
    <testcase classname="UserCard Snapshot Tests renders user card without email" name="UserCard Snapshot Tests renders user card without email" time="0.002">
    </testcase>
    <testcase classname="UserCard Snapshot Tests renders user card without bio" name="UserCard Snapshot Tests renders user card without bio" time="0.001">
    </testcase>
    <testcase classname="UserCard Snapshot Tests renders minimal user card" name="UserCard Snapshot Tests renders minimal user card" time="0.001">
    </testcase>
    <testcase classname="UserCard Snapshot Tests renders user card without avatar" name="UserCard Snapshot Tests renders user card without avatar" time="0.002">
    </testcase>
    <testcase classname="UserCard Snapshot Tests renders empty state when no user provided" name="UserCard Snapshot Tests renders empty state when no user provided" time="0.001">
    </testcase>
    <testcase classname="UserCard Snapshot Tests renders inactive user" name="UserCard Snapshot Tests renders inactive user" time="0.001">
    </testcase>
    <testcase classname="UserCard Snapshot Tests renders with onClick handler" name="UserCard Snapshot Tests renders with onClick handler" time="0.002">
    </testcase>
  </testsuite>
  <testsuite name="undefined" errors="0" failures="0" skipped="0" timestamp="2025-11-23T16:27:27" time="0.048" tests="1">
    <testcase classname=" renders app" name=" renders app" time="0.006">
    </testcase>
  </testsuite>
</testsuites>