{"numFailedTestSuites":0,"numFailedTests":0,"numPassedTestSuites":3,"numPassedTests":11,"numPendingTestSuites":0,"numPendingTests":0,"numRuntimeErrorTestSuites":0,"numTodoTests":0,"numTotalTestSuites":3,"numTotalTests":11,"openHandles":[],"snapshot":{"added":0,"didUpdate":false,"failure":false,"filesAdded":0,"filesRemoved":0,"filesRemovedList":[],"filesUnmatched":0,"filesUpdated":0,"matched":9,"total":9,"unchecked":0,"uncheckedKeysByFile":[],"unmatched":0,"updated":0},"startTime":1759779700027,"success":true,"testResults":[{"assertionResults":[{"ancestorTitles":[],"failureMessages":[],"fullName":"renders app","location":null,"status":"passed","title":"renders app"}],"endTime":1759779708755,"message":"","name":"C:\\Users\\USER\\Documents\\snapshot-testing\\src\\App.test.js","startTime":1759779704148,"status":"passed","summary":""},{"assertionResults":[{"ancestorTitles":["UserCard Snapshot Tests"],"failureMessages":[],"fullName":"UserCard Snapshot Tests renders complete user card with all props","location":null,"status":"passed","title":"renders complete user card with all props"},{"ancestorTitles":["UserCard Snapshot Tests"],"failureMessages":[],"fullName":"UserCard Snapshot Tests renders user card in dark theme","location":null,"status":"passed","title":"renders user card in dark theme"},{"ancestorTitles":["UserCard Snapshot Tests"],"failureMessages":[],"fullName":"UserCard Snapshot Tests renders user card without email","location":null,"status":"passed","title":"renders user card without email"},{"ancestorTitles":["UserCard Snapshot Tests"],"failureMessages":[],"fullName":"UserCard Snapshot Tests renders user card without bio","location":null,"status":"passed","title":"renders user card without bio"},{"ancestorTitles":["UserCard Snapshot Tests"],"failureMessages":[],"fullName":"UserCard Snapshot Tests renders minimal user card","location":null,"status":"passed","title":"renders minimal user card"},{"ancestorTitles":["UserCard Snapshot Tests"],"failureMessages":[],"fullName":"UserCard Snapshot Tests renders user card without avatar","location":null,"status":"passed","title":"renders user card without avatar"},{"ancestorTitles":["UserCard Snapshot Tests"],"failureMessages":[],"fullName":"UserCard Snapshot Tests renders empty state when no user provided","location":null,"status":"passed","title":"renders empty state when no user provided"},{"ancestorTitles":["UserCard Snapshot Tests"],"failureMessages":[],"fullName":"UserCard Snapshot Tests renders inactive user","location":null,"status":"passed","title":"renders inactive user"},{"ancestorTitles":["UserCard Snapshot Tests"],"failureMessages":[],"fullName":"UserCard Snapshot Tests renders with onClick handler","location":null,"status":"passed","title":"renders with onClick handler"}],"endTime":1759779709071,"message":"","name":"C:\\Users\\USER\\Documents\\snapshot-testing\\src\\Components\\UserCard\\UserCard.test.js","startTime":1759779704164,"status":"passed","summary":""},{"assertionResults":[{"ancestorTitles":["UserCard on LambdaTest"],"failureMessages":[],"fullName":"UserCard on LambdaTest should load app","location":null,"status":"passed","title":"should load app"}],"endTime":1759779716640,"message":"","name":"C:\\Users\\USER\\Documents\\snapshot-testing\\src\\lambdatest.spec.js","startTime":1759779704147,"status":"passed","summary":""}],"wasInterrupted":false}